Determining if the pthread_create exist failed with the following output:
Change Dir: /home/shawntao/Nutstore Files/我的坚果云/Backup_PC_win10/VMware_ubuntu/VSCODE/CMAKE_LEARNING/build/CMakeFiles/CMakeTmp

Run Build Command:"/usr/bin/make" "cmTC_64594/fast"
/usr/bin/make -f CMakeFiles/cmTC_64594.dir/build.make CMakeFiles/cmTC_64594.dir/build
make[1]: 进入目录“/home/shawntao/Nutstore Files/我的坚果云/Backup_PC_win10/VMware_ubuntu/VSCODE/CMAKE_LEARNING/build/CMakeFiles/CMakeTmp”
Building C object CMakeFiles/cmTC_64594.dir/CheckSymbolExists.c.o
/usr/bin/cc    -o CMakeFiles/cmTC_64594.dir/CheckSymbolExists.c.o   -c "/home/shawntao/Nutstore Files/我的坚果云/Backup_PC_win10/VMware_ubuntu/VSCODE/CMAKE_LEARNING/build/CMakeFiles/CMakeTmp/CheckSymbolExists.c"
Linking C executable cmTC_64594
/usr/bin/cmake -E cmake_link_script CMakeFiles/cmTC_64594.dir/link.txt --verbose=1
/usr/bin/cc      -rdynamic CMakeFiles/cmTC_64594.dir/CheckSymbolExists.c.o  -o cmTC_64594 
CMakeFiles/cmTC_64594.dir/CheckSymbolExists.c.o：在函数‘main’中：
CheckSymbolExists.c:(.text+0x1b)：对‘pthread_create’未定义的引用
collect2: error: ld returned 1 exit status
CMakeFiles/cmTC_64594.dir/build.make:97: recipe for target 'cmTC_64594' failed
make[1]: *** [cmTC_64594] Error 1
make[1]: 离开目录“/home/shawntao/Nutstore Files/我的坚果云/Backup_PC_win10/VMware_ubuntu/VSCODE/CMAKE_LEARNING/build/CMakeFiles/CMakeTmp”
Makefile:126: recipe for target 'cmTC_64594/fast' failed
make: *** [cmTC_64594/fast] Error 2

File /home/shawntao/Nutstore Files/我的坚果云/Backup_PC_win10/VMware_ubuntu/VSCODE/CMAKE_LEARNING/build/CMakeFiles/CMakeTmp/CheckSymbolExists.c:
/* */
#include <pthread.h>

int main(int argc, char** argv)
{
  (void)argv;
#ifndef pthread_create
  return ((int*)(&pthread_create))[argc];
#else
  (void)argc;
  return 0;
#endif
}

Determining if the function pthread_create exists in the pthreads failed with the following output:
Change Dir: /home/shawntao/Nutstore Files/我的坚果云/Backup_PC_win10/VMware_ubuntu/VSCODE/CMAKE_LEARNING/build/CMakeFiles/CMakeTmp

Run Build Command:"/usr/bin/make" "cmTC_ab817/fast"
/usr/bin/make -f CMakeFiles/cmTC_ab817.dir/build.make CMakeFiles/cmTC_ab817.dir/build
make[1]: 进入目录“/home/shawntao/Nutstore Files/我的坚果云/Backup_PC_win10/VMware_ubuntu/VSCODE/CMAKE_LEARNING/build/CMakeFiles/CMakeTmp”
Building C object CMakeFiles/cmTC_ab817.dir/CheckFunctionExists.c.o
/usr/bin/cc   -DCHECK_FUNCTION_EXISTS=pthread_create   -o CMakeFiles/cmTC_ab817.dir/CheckFunctionExists.c.o   -c /usr/share/cmake-3.10/Modules/CheckFunctionExists.c
Linking C executable cmTC_ab817
/usr/bin/cmake -E cmake_link_script CMakeFiles/cmTC_ab817.dir/link.txt --verbose=1
/usr/bin/cc  -DCHECK_FUNCTION_EXISTS=pthread_create    -rdynamic CMakeFiles/cmTC_ab817.dir/CheckFunctionExists.c.o  -o cmTC_ab817 -lpthreads 
/usr/bin/ld: 找不到 -lpthreads
collect2: error: ld returned 1 exit status
CMakeFiles/cmTC_ab817.dir/build.make:97: recipe for target 'cmTC_ab817' failed
make[1]: *** [cmTC_ab817] Error 1
make[1]: 离开目录“/home/shawntao/Nutstore Files/我的坚果云/Backup_PC_win10/VMware_ubuntu/VSCODE/CMAKE_LEARNING/build/CMakeFiles/CMakeTmp”
Makefile:126: recipe for target 'cmTC_ab817/fast' failed
make: *** [cmTC_ab817/fast] Error 2


